{"C:\\Users\\Isaac\\OneDrive - ITESO\\Escritorio\\Semestre 8\\Arquitectura de software\\Proyecto\\friv2.0-backend\\src\\app.ts": {"path":"C:\\Users\\Isaac\\OneDrive - ITESO\\Escritorio\\Semestre 8\\Arquitectura de software\\Proyecto\\friv2.0-backend\\src\\app.ts","statementMap":{"0":{"start":{"line":1,"column":0},"end":{"line":1,"column":30}},"1":{"start":{"line":2,"column":0},"end":{"line":2,"column":37}},"2":{"start":{"line":3,"column":0},"end":{"line":3,"column":32}},"3":{"start":{"line":4,"column":0},"end":{"line":4,"column":62}},"4":{"start":{"line":5,"column":0},"end":{"line":5,"column":24}},"5":{"start":{"line":6,"column":0},"end":{"line":6,"column":35}},"6":{"start":{"line":8,"column":12},"end":{"line":8,"column":21}},"7":{"start":{"line":11,"column":0},"end":{"line":16,"column":4}},"8":{"start":{"line":17,"column":0},"end":{"line":17,"column":27}},"9":{"start":{"line":18,"column":0},"end":{"line":18,"column":31}},"10":{"start":{"line":19,"column":0},"end":{"line":19,"column":26}},"11":{"start":{"line":22,"column":0},"end":{"line":22,"column":20}},"12":{"start":{"line":24,"column":0},"end":{"line":24,"column":19}}},"fnMap":{},"branchMap":{},"s":{"0":8,"1":8,"2":8,"3":8,"4":8,"5":8,"6":8,"7":8,"8":8,"9":8,"10":8,"11":8,"12":8},"f":{},"b":{}}
,"C:\\Users\\Isaac\\OneDrive - ITESO\\Escritorio\\Semestre 8\\Arquitectura de software\\Proyecto\\friv2.0-backend\\src\\controllers\\AuthController.ts": {"path":"C:\\Users\\Isaac\\OneDrive - ITESO\\Escritorio\\Semestre 8\\Arquitectura de software\\Proyecto\\friv2.0-backend\\src\\controllers\\AuthController.ts","statementMap":{"0":{"start":{"line":2,"column":0},"end":{"line":2,"column":30}},"1":{"start":{"line":3,"column":0},"end":{"line":3,"column":31}},"2":{"start":{"line":4,"column":0},"end":{"line":4,"column":38}},"3":{"start":{"line":9,"column":8},"end":{"line":14,"column":9}},"4":{"start":{"line":10,"column":26},"end":{"line":10,"column":63}},"5":{"start":{"line":11,"column":12},"end":{"line":11,"column":40}},"6":{"start":{"line":13,"column":12},"end":{"line":13,"column":72}},"7":{"start":{"line":19,"column":8},"end":{"line":27,"column":9}},"8":{"start":{"line":20,"column":25},"end":{"line":20,"column":79}},"9":{"start":{"line":21,"column":12},"end":{"line":23,"column":13}},"10":{"start":{"line":22,"column":16},"end":{"line":22,"column":75}},"11":{"start":{"line":24,"column":12},"end":{"line":24,"column":39}},"12":{"start":{"line":26,"column":12},"end":{"line":26,"column":71}},"13":{"start":{"line":32,"column":8},"end":{"line":54,"column":9}},"14":{"start":{"line":33,"column":59},"end":{"line":33,"column":67}},"15":{"start":{"line":34,"column":33},"end":{"line":34,"column":35}},"16":{"start":{"line":36,"column":12},"end":{"line":36,"column":54}},"17":{"start":{"line":36,"column":26},"end":{"line":36,"column":54}},"18":{"start":{"line":37,"column":12},"end":{"line":37,"column":45}},"19":{"start":{"line":37,"column":23},"end":{"line":37,"column":45}},"20":{"start":{"line":38,"column":12},"end":{"line":38,"column":77}},"21":{"start":{"line":38,"column":26},"end":{"line":38,"column":77}},"22":{"start":{"line":39,"column":12},"end":{"line":39,"column":65}},"23":{"start":{"line":39,"column":39},"end":{"line":39,"column":65}},"24":{"start":{"line":41,"column":25},"end":{"line":45,"column":33}},"25":{"start":{"line":47,"column":12},"end":{"line":49,"column":13}},"26":{"start":{"line":48,"column":16},"end":{"line":48,"column":75}},"27":{"start":{"line":51,"column":12},"end":{"line":51,"column":39}},"28":{"start":{"line":53,"column":12},"end":{"line":53,"column":69}},"29":{"start":{"line":59,"column":8},"end":{"line":74,"column":9}},"30":{"start":{"line":61,"column":27},"end":{"line":61,"column":52}},"31":{"start":{"line":62,"column":12},"end":{"line":64,"column":13}},"32":{"start":{"line":63,"column":16},"end":{"line":63,"column":74}},"33":{"start":{"line":66,"column":25},"end":{"line":66,"column":72}},"34":{"start":{"line":67,"column":12},"end":{"line":69,"column":13}},"35":{"start":{"line":68,"column":16},"end":{"line":68,"column":82}},"36":{"start":{"line":71,"column":12},"end":{"line":71,"column":39}},"37":{"start":{"line":73,"column":12},"end":{"line":73,"column":84}},"38":{"start":{"line":79,"column":8},"end":{"line":87,"column":9}},"39":{"start":{"line":80,"column":25},"end":{"line":80,"column":68}},"40":{"start":{"line":81,"column":12},"end":{"line":83,"column":13}},"41":{"start":{"line":82,"column":16},"end":{"line":82,"column":75}},"42":{"start":{"line":84,"column":12},"end":{"line":84,"column":75}},"43":{"start":{"line":86,"column":12},"end":{"line":86,"column":69}},"44":{"start":{"line":92,"column":48},"end":{"line":92,"column":56}},"45":{"start":{"line":93,"column":8},"end":{"line":95,"column":9}},"46":{"start":{"line":94,"column":12},"end":{"line":94,"column":80}},"47":{"start":{"line":96,"column":8},"end":{"line":111,"column":9}},"48":{"start":{"line":97,"column":33},"end":{"line":97,"column":62}},"49":{"start":{"line":98,"column":12},"end":{"line":100,"column":13}},"50":{"start":{"line":99,"column":16},"end":{"line":99,"column":80}},"51":{"start":{"line":101,"column":35},"end":{"line":101,"column":67}},"52":{"start":{"line":102,"column":25},"end":{"line":106,"column":14}},"53":{"start":{"line":107,"column":12},"end":{"line":107,"column":30}},"54":{"start":{"line":108,"column":12},"end":{"line":108,"column":78}},"55":{"start":{"line":110,"column":12},"end":{"line":110,"column":62}},"56":{"start":{"line":116,"column":37},"end":{"line":116,"column":45}},"57":{"start":{"line":117,"column":8},"end":{"line":119,"column":9}},"58":{"start":{"line":118,"column":12},"end":{"line":118,"column":80}},"59":{"start":{"line":120,"column":8},"end":{"line":154,"column":9}},"60":{"start":{"line":121,"column":25},"end":{"line":122,"column":58}},"61":{"start":{"line":123,"column":12},"end":{"line":125,"column":13}},"62":{"start":{"line":124,"column":16},"end":{"line":124,"column":75}},"63":{"start":{"line":126,"column":28},"end":{"line":126,"column":74}},"64":{"start":{"line":127,"column":12},"end":{"line":129,"column":13}},"65":{"start":{"line":128,"column":16},"end":{"line":128,"column":79}},"66":{"start":{"line":132,"column":29},"end":{"line":137,"column":14}},"67":{"start":{"line":139,"column":26},"end":{"line":142,"column":null}},"68":{"start":{"line":146,"column":12},"end":{"line":150,"column":15}},"69":{"start":{"line":153,"column":12},"end":{"line":153,"column":61}},"70":{"start":{"line":160,"column":0},"end":{"line":160,"column":36}}},"fnMap":{"0":{"name":"(anonymous_8)","decl":{"start":{"line":8,"column":10},"end":{"line":8,"column":18}},"loc":{"start":{"line":8,"column":46},"end":{"line":15,"column":null}}},"1":{"name":"(anonymous_10)","decl":{"start":{"line":18,"column":10},"end":{"line":18,"column":21}},"loc":{"start":{"line":18,"column":49},"end":{"line":28,"column":null}}},"2":{"name":"(anonymous_12)","decl":{"start":{"line":31,"column":10},"end":{"line":31,"column":20}},"loc":{"start":{"line":31,"column":48},"end":{"line":55,"column":null}}},"3":{"name":"(anonymous_14)","decl":{"start":{"line":58,"column":10},"end":{"line":58,"column":15}},"loc":{"start":{"line":58,"column":43},"end":{"line":75,"column":null}}},"4":{"name":"(anonymous_16)","decl":{"start":{"line":78,"column":10},"end":{"line":78,"column":20}},"loc":{"start":{"line":78,"column":48},"end":{"line":88,"column":null}}},"5":{"name":"(anonymous_18)","decl":{"start":{"line":91,"column":10},"end":{"line":91,"column":18}},"loc":{"start":{"line":91,"column":51},"end":{"line":112,"column":null}}},"6":{"name":"(anonymous_20)","decl":{"start":{"line":115,"column":10},"end":{"line":115,"column":15}},"loc":{"start":{"line":115,"column":47},"end":{"line":156,"column":null}}}},"branchMap":{"0":{"loc":{"start":{"line":21,"column":12},"end":{"line":23,"column":13}},"type":"if","locations":[{"start":{"line":21,"column":12},"end":{"line":23,"column":13}},{"start":{},"end":{}}]},"1":{"loc":{"start":{"line":36,"column":12},"end":{"line":36,"column":54}},"type":"if","locations":[{"start":{"line":36,"column":12},"end":{"line":36,"column":54}},{"start":{},"end":{}}]},"2":{"loc":{"start":{"line":37,"column":12},"end":{"line":37,"column":45}},"type":"if","locations":[{"start":{"line":37,"column":12},"end":{"line":37,"column":45}},{"start":{},"end":{}}]},"3":{"loc":{"start":{"line":38,"column":12},"end":{"line":38,"column":77}},"type":"if","locations":[{"start":{"line":38,"column":12},"end":{"line":38,"column":77}},{"start":{},"end":{}}]},"4":{"loc":{"start":{"line":39,"column":12},"end":{"line":39,"column":65}},"type":"if","locations":[{"start":{"line":39,"column":12},"end":{"line":39,"column":65}},{"start":{},"end":{}}]},"5":{"loc":{"start":{"line":47,"column":12},"end":{"line":49,"column":13}},"type":"if","locations":[{"start":{"line":47,"column":12},"end":{"line":49,"column":13}},{"start":{},"end":{}}]},"6":{"loc":{"start":{"line":61,"column":27},"end":{"line":61,"column":52}},"type":"cond-expr","locations":[{"start":{"line":61,"column":44},"end":{"line":61,"column":46}},{"start":{"line":61,"column":44},"end":{"line":61,"column":52}}]},"7":{"loc":{"start":{"line":61,"column":27},"end":{"line":61,"column":46}},"type":"binary-expr","locations":[{"start":{"line":61,"column":27},"end":{"line":61,"column":46}},{"start":{"line":61,"column":44},"end":{"line":61,"column":46}}]},"8":{"loc":{"start":{"line":62,"column":12},"end":{"line":64,"column":13}},"type":"if","locations":[{"start":{"line":62,"column":12},"end":{"line":64,"column":13}},{"start":{},"end":{}}]},"9":{"loc":{"start":{"line":67,"column":12},"end":{"line":69,"column":13}},"type":"if","locations":[{"start":{"line":67,"column":12},"end":{"line":69,"column":13}},{"start":{},"end":{}}]},"10":{"loc":{"start":{"line":81,"column":12},"end":{"line":83,"column":13}},"type":"if","locations":[{"start":{"line":81,"column":12},"end":{"line":83,"column":13}},{"start":{},"end":{}}]},"11":{"loc":{"start":{"line":93,"column":8},"end":{"line":95,"column":9}},"type":"if","locations":[{"start":{"line":93,"column":8},"end":{"line":95,"column":9}},{"start":{},"end":{}}]},"12":{"loc":{"start":{"line":93,"column":12},"end":{"line":93,"column":44}},"type":"binary-expr","locations":[{"start":{"line":93,"column":12},"end":{"line":93,"column":21}},{"start":{"line":93,"column":25},"end":{"line":93,"column":31}},{"start":{"line":93,"column":35},"end":{"line":93,"column":44}}]},"13":{"loc":{"start":{"line":98,"column":12},"end":{"line":100,"column":13}},"type":"if","locations":[{"start":{"line":98,"column":12},"end":{"line":100,"column":13}},{"start":{},"end":{}}]},"14":{"loc":{"start":{"line":117,"column":8},"end":{"line":119,"column":9}},"type":"if","locations":[{"start":{"line":117,"column":8},"end":{"line":119,"column":9}},{"start":{},"end":{}}]},"15":{"loc":{"start":{"line":117,"column":12},"end":{"line":117,"column":31}},"type":"binary-expr","locations":[{"start":{"line":117,"column":12},"end":{"line":117,"column":18}},{"start":{"line":117,"column":22},"end":{"line":117,"column":31}}]},"16":{"loc":{"start":{"line":123,"column":12},"end":{"line":125,"column":13}},"type":"if","locations":[{"start":{"line":123,"column":12},"end":{"line":125,"column":13}},{"start":{},"end":{}}]},"17":{"loc":{"start":{"line":127,"column":12},"end":{"line":129,"column":13}},"type":"if","locations":[{"start":{"line":127,"column":12},"end":{"line":129,"column":13}},{"start":{},"end":{}}]},"18":{"loc":{"start":{"line":141,"column":16},"end":{"line":141,"column":51}},"type":"binary-expr","locations":[{"start":{"line":141,"column":16},"end":{"line":141,"column":38}},{"start":{"line":141,"column":42},"end":{"line":141,"column":51}}]}},"s":{"0":11,"1":11,"2":11,"3":1,"4":1,"5":0,"6":1,"7":1,"8":1,"9":0,"10":0,"11":0,"12":1,"13":1,"14":1,"15":1,"16":1,"17":0,"18":1,"19":0,"20":1,"21":0,"22":1,"23":0,"24":1,"25":0,"26":0,"27":0,"28":1,"29":1,"30":1,"31":1,"32":0,"33":1,"34":0,"35":0,"36":0,"37":1,"38":1,"39":1,"40":0,"41":0,"42":0,"43":1,"44":6,"45":6,"46":4,"47":2,"48":2,"49":1,"50":0,"51":1,"52":1,"53":0,"54":0,"55":2,"56":6,"57":6,"58":3,"59":3,"60":3,"61":0,"62":0,"63":0,"64":0,"65":0,"66":0,"67":0,"68":0,"69":3,"70":11},"f":{"0":1,"1":1,"2":1,"3":1,"4":1,"5":6,"6":6},"b":{"0":[0,0],"1":[0,1],"2":[0,1],"3":[0,1],"4":[0,1],"5":[0,0],"6":[0,1],"7":[1,1],"8":[0,1],"9":[0,0],"10":[0,0],"11":[4,2],"12":[6,2,2],"13":[0,1],"14":[3,3],"15":[6,3],"16":[0,0],"17":[0,0],"18":[0,0]}}
,"C:\\Users\\Isaac\\OneDrive - ITESO\\Escritorio\\Semestre 8\\Arquitectura de software\\Proyecto\\friv2.0-backend\\src\\controllers\\LeaderBoardController.ts": {"path":"C:\\Users\\Isaac\\OneDrive - ITESO\\Escritorio\\Semestre 8\\Arquitectura de software\\Proyecto\\friv2.0-backend\\src\\controllers\\LeaderBoardController.ts","statementMap":{"0":{"start":{"line":2,"column":0},"end":{"line":2,"column":52}},"1":{"start":{"line":3,"column":0},"end":{"line":3,"column":38}},"2":{"start":{"line":10,"column":8},"end":{"line":51,"column":9}},"3":{"start":{"line":11,"column":27},"end":{"line":11,"column":52}},"4":{"start":{"line":12,"column":29},"end":{"line":12,"column":39}},"5":{"start":{"line":13,"column":30},"end":{"line":13,"column":38}},"6":{"start":{"line":14,"column":2},"end":{"line":14,"column":51}},"7":{"start":{"line":15,"column":2},"end":{"line":15,"column":49}},"8":{"start":{"line":16,"column":2},"end":{"line":16,"column":45}},"9":{"start":{"line":17,"column":2},"end":{"line":17,"column":58}},"10":{"start":{"line":18,"column":2},"end":{"line":18,"column":45}},"11":{"start":{"line":19,"column":2},"end":{"line":19,"column":41}},"12":{"start":{"line":20,"column":2},"end":{"line":20,"column":57}},"13":{"start":{"line":22,"column":12},"end":{"line":24,"column":13}},"14":{"start":{"line":23,"column":16},"end":{"line":23,"column":100}},"15":{"start":{"line":25,"column":12},"end":{"line":27,"column":13}},"16":{"start":{"line":26,"column":16},"end":{"line":26,"column":90}},"17":{"start":{"line":28,"column":12},"end":{"line":30,"column":13}},"18":{"start":{"line":29,"column":16},"end":{"line":29,"column":85}},"19":{"start":{"line":32,"column":25},"end":{"line":32,"column":71}},"20":{"start":{"line":33,"column":12},"end":{"line":33,"column":82}},"21":{"start":{"line":33,"column":23},"end":{"line":33,"column":82}},"22":{"start":{"line":36,"column":28},"end":{"line":42,"column":null}},"23":{"start":{"line":46,"column":36},"end":{"line":46,"column":70}},"24":{"start":{"line":47,"column":12},"end":{"line":47,"column":123}},"25":{"start":{"line":49,"column":12},"end":{"line":49,"column":110}},"26":{"start":{"line":49,"column":37},"end":{"line":49,"column":110}},"27":{"start":{"line":50,"column":12},"end":{"line":50,"column":96}},"28":{"start":{"line":56,"column":8},"end":{"line":72,"column":9}},"29":{"start":{"line":57,"column":29},"end":{"line":57,"column":39}},"30":{"start":{"line":58,"column":26},"end":{"line":58,"column":70}},"31":{"start":{"line":59,"column":12},"end":{"line":59,"column":85}},"32":{"start":{"line":59,"column":23},"end":{"line":59,"column":85}},"33":{"start":{"line":61,"column":24},"end":{"line":64,"column":54}},"34":{"start":{"line":66,"column":12},"end":{"line":68,"column":13}},"35":{"start":{"line":67,"column":16},"end":{"line":67,"column":100}},"36":{"start":{"line":69,"column":12},"end":{"line":69,"column":61}},"37":{"start":{"line":71,"column":12},"end":{"line":71,"column":104}},"38":{"start":{"line":77,"column":8},"end":{"line":88,"column":9}},"39":{"start":{"line":78,"column":27},"end":{"line":78,"column":40}},"40":{"start":{"line":79,"column":12},"end":{"line":79,"column":85}},"41":{"start":{"line":79,"column":25},"end":{"line":79,"column":85}},"42":{"start":{"line":81,"column":27},"end":{"line":83,"column":61}},"43":{"start":{"line":85,"column":12},"end":{"line":85,"column":66}},"44":{"start":{"line":87,"column":12},"end":{"line":87,"column":104}},"45":{"start":{"line":93,"column":8},"end":{"line":104,"column":9}},"46":{"start":{"line":94,"column":27},"end":{"line":94,"column":52}},"47":{"start":{"line":95,"column":12},"end":{"line":95,"column":109}},"48":{"start":{"line":95,"column":25},"end":{"line":95,"column":109}},"49":{"start":{"line":97,"column":27},"end":{"line":99,"column":61}},"50":{"start":{"line":101,"column":12},"end":{"line":101,"column":66}},"51":{"start":{"line":103,"column":12},"end":{"line":103,"column":102}},"52":{"start":{"line":111,"column":0},"end":{"line":111,"column":43}}},"fnMap":{"0":{"name":"(anonymous_7)","decl":{"start":{"line":9,"column":10},"end":{"line":9,"column":19}},"loc":{"start":{"line":9,"column":52},"end":{"line":52,"column":null}}},"1":{"name":"(anonymous_9)","decl":{"start":{"line":55,"column":10},"end":{"line":55,"column":16}},"loc":{"start":{"line":55,"column":47},"end":{"line":73,"column":null}}},"2":{"name":"(anonymous_11)","decl":{"start":{"line":76,"column":10},"end":{"line":76,"column":19}},"loc":{"start":{"line":76,"column":50},"end":{"line":89,"column":null}}},"3":{"name":"(anonymous_13)","decl":{"start":{"line":92,"column":10},"end":{"line":92,"column":21}},"loc":{"start":{"line":92,"column":52},"end":{"line":105,"column":null}}}},"branchMap":{"0":{"loc":{"start":{"line":11,"column":27},"end":{"line":11,"column":52}},"type":"cond-expr","locations":[{"start":{"line":11,"column":44},"end":{"line":11,"column":46}},{"start":{"line":11,"column":44},"end":{"line":11,"column":52}}]},"1":{"loc":{"start":{"line":11,"column":27},"end":{"line":11,"column":46}},"type":"binary-expr","locations":[{"start":{"line":11,"column":27},"end":{"line":11,"column":46}},{"start":{"line":11,"column":44},"end":{"line":11,"column":46}}]},"2":{"loc":{"start":{"line":22,"column":12},"end":{"line":24,"column":13}},"type":"if","locations":[{"start":{"line":22,"column":12},"end":{"line":24,"column":13}},{"start":{},"end":{}}]},"3":{"loc":{"start":{"line":25,"column":12},"end":{"line":27,"column":13}},"type":"if","locations":[{"start":{"line":25,"column":12},"end":{"line":27,"column":13}},{"start":{},"end":{}}]},"4":{"loc":{"start":{"line":28,"column":12},"end":{"line":30,"column":13}},"type":"if","locations":[{"start":{"line":28,"column":12},"end":{"line":30,"column":13}},{"start":{},"end":{}}]},"5":{"loc":{"start":{"line":33,"column":12},"end":{"line":33,"column":82}},"type":"if","locations":[{"start":{"line":33,"column":12},"end":{"line":33,"column":82}},{"start":{},"end":{}}]},"6":{"loc":{"start":{"line":46,"column":36},"end":{"line":46,"column":70}},"type":"binary-expr","locations":[{"start":{"line":46,"column":36},"end":{"line":46,"column":43}},{"start":{"line":46,"column":47},"end":{"line":46,"column":70}}]},"7":{"loc":{"start":{"line":47,"column":76},"end":{"line":47,"column":90}},"type":"cond-expr","locations":[{"start":{"line":47,"column":83},"end":{"line":47,"column":85}},{"start":{"line":47,"column":76},"end":{"line":47,"column":90}}]},"8":{"loc":{"start":{"line":47,"column":76},"end":{"line":47,"column":85}},"type":"binary-expr","locations":[{"start":{"line":47,"column":76},"end":{"line":47,"column":85}},{"start":{"line":47,"column":76},"end":{"line":47,"column":85}}]},"9":{"loc":{"start":{"line":49,"column":12},"end":{"line":49,"column":110}},"type":"if","locations":[{"start":{"line":49,"column":12},"end":{"line":49,"column":110}},{"start":{},"end":{}}]},"10":{"loc":{"start":{"line":49,"column":16},"end":{"line":49,"column":25}},"type":"cond-expr","locations":[{"start":{"line":49,"column":19},"end":{"line":49,"column":21}},{"start":{"line":49,"column":16},"end":{"line":49,"column":25}}]},"11":{"loc":{"start":{"line":49,"column":16},"end":{"line":49,"column":21}},"type":"binary-expr","locations":[{"start":{"line":49,"column":16},"end":{"line":49,"column":21}},{"start":{"line":49,"column":16},"end":{"line":49,"column":21}}]},"12":{"loc":{"start":{"line":50,"column":80},"end":{"line":50,"column":92}},"type":"cond-expr","locations":[{"start":{"line":50,"column":83},"end":{"line":50,"column":85}},{"start":{"line":50,"column":80},"end":{"line":50,"column":92}}]},"13":{"loc":{"start":{"line":50,"column":80},"end":{"line":50,"column":85}},"type":"binary-expr","locations":[{"start":{"line":50,"column":80},"end":{"line":50,"column":85}},{"start":{"line":50,"column":80},"end":{"line":50,"column":85}}]},"14":{"loc":{"start":{"line":58,"column":35},"end":{"line":58,"column":64}},"type":"binary-expr","locations":[{"start":{"line":58,"column":35},"end":{"line":58,"column":58}},{"start":{"line":58,"column":62},"end":{"line":58,"column":64}}]},"15":{"loc":{"start":{"line":59,"column":12},"end":{"line":59,"column":85}},"type":"if","locations":[{"start":{"line":59,"column":12},"end":{"line":59,"column":85}},{"start":{},"end":{}}]},"16":{"loc":{"start":{"line":66,"column":12},"end":{"line":68,"column":13}},"type":"if","locations":[{"start":{"line":66,"column":12},"end":{"line":68,"column":13}},{"start":{},"end":{}}]},"17":{"loc":{"start":{"line":66,"column":16},"end":{"line":66,"column":40}},"type":"binary-expr","locations":[{"start":{"line":66,"column":16},"end":{"line":66,"column":20}},{"start":{"line":66,"column":24},"end":{"line":66,"column":40}}]},"18":{"loc":{"start":{"line":71,"column":88},"end":{"line":71,"column":100}},"type":"cond-expr","locations":[{"start":{"line":71,"column":91},"end":{"line":71,"column":93}},{"start":{"line":71,"column":88},"end":{"line":71,"column":100}}]},"19":{"loc":{"start":{"line":71,"column":88},"end":{"line":71,"column":93}},"type":"binary-expr","locations":[{"start":{"line":71,"column":88},"end":{"line":71,"column":93}},{"start":{"line":71,"column":88},"end":{"line":71,"column":93}}]},"20":{"loc":{"start":{"line":79,"column":12},"end":{"line":79,"column":85}},"type":"if","locations":[{"start":{"line":79,"column":12},"end":{"line":79,"column":85}},{"start":{},"end":{}}]},"21":{"loc":{"start":{"line":87,"column":88},"end":{"line":87,"column":100}},"type":"cond-expr","locations":[{"start":{"line":87,"column":91},"end":{"line":87,"column":93}},{"start":{"line":87,"column":88},"end":{"line":87,"column":100}}]},"22":{"loc":{"start":{"line":87,"column":88},"end":{"line":87,"column":93}},"type":"binary-expr","locations":[{"start":{"line":87,"column":88},"end":{"line":87,"column":93}},{"start":{"line":87,"column":88},"end":{"line":87,"column":93}}]},"23":{"loc":{"start":{"line":94,"column":27},"end":{"line":94,"column":52}},"type":"cond-expr","locations":[{"start":{"line":94,"column":44},"end":{"line":94,"column":46}},{"start":{"line":94,"column":44},"end":{"line":94,"column":52}}]},"24":{"loc":{"start":{"line":94,"column":27},"end":{"line":94,"column":46}},"type":"binary-expr","locations":[{"start":{"line":94,"column":27},"end":{"line":94,"column":46}},{"start":{"line":94,"column":44},"end":{"line":94,"column":46}}]},"25":{"loc":{"start":{"line":95,"column":12},"end":{"line":95,"column":109}},"type":"if","locations":[{"start":{"line":95,"column":12},"end":{"line":95,"column":109}},{"start":{},"end":{}}]},"26":{"loc":{"start":{"line":103,"column":86},"end":{"line":103,"column":98}},"type":"cond-expr","locations":[{"start":{"line":103,"column":89},"end":{"line":103,"column":91}},{"start":{"line":103,"column":86},"end":{"line":103,"column":98}}]},"27":{"loc":{"start":{"line":103,"column":86},"end":{"line":103,"column":91}},"type":"binary-expr","locations":[{"start":{"line":103,"column":86},"end":{"line":103,"column":91}},{"start":{"line":103,"column":86},"end":{"line":103,"column":91}}]}},"s":{"0":11,"1":11,"2":3,"3":3,"4":3,"5":3,"6":3,"7":3,"8":3,"9":3,"10":3,"11":3,"12":3,"13":3,"14":1,"15":2,"16":1,"17":1,"18":1,"19":0,"20":0,"21":0,"22":0,"23":0,"24":0,"25":0,"26":0,"27":0,"28":2,"29":2,"30":1,"31":1,"32":1,"33":0,"34":0,"35":0,"36":0,"37":1,"38":1,"39":1,"40":1,"41":0,"42":1,"43":0,"44":1,"45":1,"46":1,"47":1,"48":1,"49":0,"50":0,"51":0,"52":11},"f":{"0":3,"1":2,"2":1,"3":1},"b":{"0":[1,2],"1":[3,3],"2":[1,2],"3":[1,1],"4":[1,0],"5":[0,0],"6":[0,0],"7":[0,0],"8":[0,0],"9":[0,0],"10":[0,0],"11":[0,0],"12":[0,0],"13":[0,0],"14":[1,1],"15":[1,0],"16":[0,0],"17":[0,0],"18":[0,1],"19":[1,1],"20":[0,1],"21":[0,1],"22":[1,1],"23":[1,0],"24":[1,1],"25":[1,0],"26":[0,0],"27":[0,0]}}
,"C:\\Users\\Isaac\\OneDrive - ITESO\\Escritorio\\Semestre 8\\Arquitectura de software\\Proyecto\\friv2.0-backend\\src\\middleware\\auth.ts": {"path":"C:\\Users\\Isaac\\OneDrive - ITESO\\Escritorio\\Semestre 8\\Arquitectura de software\\Proyecto\\friv2.0-backend\\src\\middleware\\auth.ts","statementMap":{"0":{"start":{"line":4,"column":0},"end":{"line":4,"column":16}},"1":{"start":{"line":2,"column":0},"end":{"line":2,"column":31}},"2":{"start":{"line":5,"column":15},"end":{"line":5,"column":48}},"3":{"start":{"line":6,"column":16},"end":{"line":6,"column":65}},"4":{"start":{"line":7,"column":2},"end":{"line":7,"column":76}},"5":{"start":{"line":7,"column":14},"end":{"line":7,"column":76}},"6":{"start":{"line":9,"column":2},"end":{"line":15,"column":3}},"7":{"start":{"line":10,"column":20},"end":{"line":10,"column":78}},"8":{"start":{"line":11,"column":5},"end":{"line":11,"column":73}},"9":{"start":{"line":12,"column":4},"end":{"line":12,"column":11}},"10":{"start":{"line":14,"column":4},"end":{"line":14,"column":73}}},"fnMap":{"0":{"name":"ensureAuth","decl":{"start":{"line":4,"column":16},"end":{"line":4,"column":26}},"loc":{"start":{"line":4,"column":74},"end":{"line":16,"column":1}}}},"branchMap":{"0":{"loc":{"start":{"line":5,"column":15},"end":{"line":5,"column":48}},"type":"binary-expr","locations":[{"start":{"line":5,"column":15},"end":{"line":5,"column":42}},{"start":{"line":5,"column":46},"end":{"line":5,"column":48}}]},"1":{"loc":{"start":{"line":6,"column":16},"end":{"line":6,"column":65}},"type":"cond-expr","locations":[{"start":{"line":6,"column":45},"end":{"line":6,"column":58}},{"start":{"line":6,"column":61},"end":{"line":6,"column":65}}]},"2":{"loc":{"start":{"line":7,"column":2},"end":{"line":7,"column":76}},"type":"if","locations":[{"start":{"line":7,"column":2},"end":{"line":7,"column":76}},{"start":{},"end":{}}]}},"s":{"0":8,"1":8,"2":3,"3":3,"4":3,"5":3,"6":0,"7":0,"8":0,"9":0,"10":0},"f":{"0":3},"b":{"0":[3,3],"1":[0,3],"2":[3,0]}}
,"C:\\Users\\Isaac\\OneDrive - ITESO\\Escritorio\\Semestre 8\\Arquitectura de software\\Proyecto\\friv2.0-backend\\src\\middleware\\google.ts": {"path":"C:\\Users\\Isaac\\OneDrive - ITESO\\Escritorio\\Semestre 8\\Arquitectura de software\\Proyecto\\friv2.0-backend\\src\\middleware\\google.ts","statementMap":{"0":{"start":{"line":7,"column":0},"end":{"line":7,"column":16}},"1":{"start":{"line":2,"column":0},"end":{"line":2,"column":32}},"2":{"start":{"line":3,"column":0},"end":{"line":3,"column":78}},"3":{"start":{"line":4,"column":0},"end":{"line":4,"column":30}},"4":{"start":{"line":5,"column":0},"end":{"line":5,"column":38}},"5":{"start":{"line":8,"column":4},"end":{"line":45,"column":6}},"6":{"start":{"line":15,"column":162},"end":{"line":43,"column":null}},"7":{"start":{"line":16,"column":16},"end":{"line":42,"column":17}},"8":{"start":{"line":17,"column":34},"end":{"line":17,"column":60}},"9":{"start":{"line":18,"column":20},"end":{"line":18,"column":94}},"10":{"start":{"line":18,"column":32},"end":{"line":18,"column":94}},"11":{"start":{"line":20,"column":31},"end":{"line":20,"column":60}},"12":{"start":{"line":22,"column":20},"end":{"line":37,"column":21}},"13":{"start":{"line":23,"column":37},"end":{"line":23,"column":115}},"14":{"start":{"line":24,"column":39},"end":{"line":24,"column":43}},"15":{"start":{"line":25,"column":32},"end":{"line":25,"column":33}},"16":{"start":{"line":26,"column":24},"end":{"line":26,"column":109}},"17":{"start":{"line":26,"column":77},"end":{"line":26,"column":81}},"18":{"start":{"line":26,"column":82},"end":{"line":26,"column":107}},"19":{"start":{"line":28,"column":47},"end":{"line":28,"column":84}},"20":{"start":{"line":29,"column":47},"end":{"line":29,"column":84}},"21":{"start":{"line":31,"column":24},"end":{"line":36,"column":27}},"22":{"start":{"line":39,"column":20},"end":{"line":39,"column":97}},"23":{"start":{"line":41,"column":20},"end":{"line":41,"column":44}}},"fnMap":{"0":{"name":"configureGooglePassport","decl":{"start":{"line":7,"column":16},"end":{"line":7,"column":39}},"loc":{"start":{"line":7,"column":39},"end":{"line":46,"column":1}}},"1":{"name":"(anonymous_9)","decl":{"start":{"line":15,"column":12},"end":{"line":15,"column":19}},"loc":{"start":{"line":15,"column":162},"end":{"line":43,"column":null}}},"2":{"name":"(anonymous_10)","decl":{"start":{"line":15,"column":162},"end":{"line":15,"column":null}},"loc":{"start":{"line":15,"column":162},"end":{"line":43,"column":13}}}},"branchMap":{"0":{"loc":{"start":{"line":17,"column":34},"end":{"line":17,"column":60}},"type":"cond-expr","locations":[{"start":{"line":17,"column":53},"end":{"line":17,"column":55}},{"start":{"line":17,"column":53},"end":{"line":17,"column":60}}]},"1":{"loc":{"start":{"line":17,"column":34},"end":{"line":17,"column":55}},"type":"binary-expr","locations":[{"start":{"line":17,"column":34},"end":{"line":17,"column":55}},{"start":{"line":17,"column":53},"end":{"line":17,"column":55}}]},"2":{"loc":{"start":{"line":17,"column":34},"end":{"line":17,"column":53}},"type":"cond-expr","locations":[{"start":{"line":17,"column":48},"end":{"line":17,"column":51}},{"start":{"line":17,"column":48},"end":{"line":17,"column":53}}]},"3":{"loc":{"start":{"line":17,"column":34},"end":{"line":17,"column":51}},"type":"binary-expr","locations":[{"start":{"line":17,"column":34},"end":{"line":17,"column":51}},{"start":{"line":17,"column":48},"end":{"line":17,"column":51}}]},"4":{"loc":{"start":{"line":18,"column":20},"end":{"line":18,"column":94}},"type":"if","locations":[{"start":{"line":18,"column":20},"end":{"line":18,"column":94}},{"start":{},"end":{}}]},"5":{"loc":{"start":{"line":22,"column":20},"end":{"line":37,"column":21}},"type":"if","locations":[{"start":{"line":22,"column":20},"end":{"line":37,"column":21}},{"start":{},"end":{}}]},"6":{"loc":{"start":{"line":23,"column":38},"end":{"line":23,"column":80}},"type":"binary-expr","locations":[{"start":{"line":23,"column":38},"end":{"line":23,"column":57}},{"start":{"line":23,"column":61},"end":{"line":23,"column":80}}]},"7":{"loc":{"start":{"line":26,"column":31},"end":{"line":26,"column":73}},"type":"binary-expr","locations":[{"start":{"line":26,"column":31},"end":{"line":26,"column":63}},{"start":{"line":26,"column":67},"end":{"line":26,"column":73}}]}},"s":{"0":8,"1":8,"2":8,"3":8,"4":8,"5":8,"6":0,"7":0,"8":0,"9":0,"10":0,"11":0,"12":0,"13":0,"14":0,"15":0,"16":0,"17":0,"18":0,"19":0,"20":0,"21":0,"22":0,"23":0},"f":{"0":8,"1":0,"2":0},"b":{"0":[0,0],"1":[0,0],"2":[0,0],"3":[0,0],"4":[0,0],"5":[0,0],"6":[0,0],"7":[0,0]}}
,"C:\\Users\\Isaac\\OneDrive - ITESO\\Escritorio\\Semestre 8\\Arquitectura de software\\Proyecto\\friv2.0-backend\\src\\models\\LeaderBoard.ts": {"path":"C:\\Users\\Isaac\\OneDrive - ITESO\\Escritorio\\Semestre 8\\Arquitectura de software\\Proyecto\\friv2.0-backend\\src\\models\\LeaderBoard.ts","statementMap":{"0":{"start":{"line":1,"column":0},"end":{"line":1,"column":41}},"1":{"start":{"line":4,"column":26},"end":{"line":9,"column":2}},"2":{"start":{"line":12,"column":0},"end":{"line":12,"column":67}},"3":{"start":{"line":15,"column":13},"end":{"line":15,"column":67}}},"fnMap":{},"branchMap":{},"s":{"0":10,"1":10,"2":10,"3":10},"f":{},"b":{}}
,"C:\\Users\\Isaac\\OneDrive - ITESO\\Escritorio\\Semestre 8\\Arquitectura de software\\Proyecto\\friv2.0-backend\\src\\models\\User.ts": {"path":"C:\\Users\\Isaac\\OneDrive - ITESO\\Escritorio\\Semestre 8\\Arquitectura de software\\Proyecto\\friv2.0-backend\\src\\models\\User.ts","statementMap":{"0":{"start":{"line":1,"column":0},"end":{"line":1,"column":42}},"1":{"start":{"line":4,"column":19},"end":{"line":9,"column":2}},"2":{"start":{"line":12,"column":13},"end":{"line":12,"column":46}}},"fnMap":{},"branchMap":{},"s":{"0":12,"1":12,"2":12},"f":{},"b":{}}
,"C:\\Users\\Isaac\\OneDrive - ITESO\\Escritorio\\Semestre 8\\Arquitectura de software\\Proyecto\\friv2.0-backend\\src\\routes\\auth.ts": {"path":"C:\\Users\\Isaac\\OneDrive - ITESO\\Escritorio\\Semestre 8\\Arquitectura de software\\Proyecto\\friv2.0-backend\\src\\routes\\auth.ts","statementMap":{"0":{"start":{"line":1,"column":0},"end":{"line":1,"column":33}},"1":{"start":{"line":2,"column":0},"end":{"line":2,"column":31}},"2":{"start":{"line":3,"column":0},"end":{"line":3,"column":32}},"3":{"start":{"line":4,"column":0},"end":{"line":4,"column":59}},"4":{"start":{"line":5,"column":0},"end":{"line":5,"column":48}},"5":{"start":{"line":7,"column":15},"end":{"line":7,"column":23}},"6":{"start":{"line":10,"column":0},"end":{"line":10,"column":51}},"7":{"start":{"line":11,"column":0},"end":{"line":11,"column":45}},"8":{"start":{"line":14,"column":0},"end":{"line":14,"column":52}},"9":{"start":{"line":15,"column":0},"end":{"line":15,"column":58}},"10":{"start":{"line":16,"column":0},"end":{"line":16,"column":65}},"11":{"start":{"line":17,"column":0},"end":{"line":17,"column":64}},"12":{"start":{"line":18,"column":0},"end":{"line":18,"column":67}},"13":{"start":{"line":20,"column":0},"end":{"line":23,"column":2}},"14":{"start":{"line":26,"column":0},"end":{"line":41,"column":2}},"15":{"start":{"line":30,"column":17},"end":{"line":30,"column":58}},"16":{"start":{"line":31,"column":18},"end":{"line":34,"column":null}},"17":{"start":{"line":38,"column":21},"end":{"line":38,"column":72}},"18":{"start":{"line":39,"column":4},"end":{"line":39,"column":66}},"19":{"start":{"line":43,"column":0},"end":{"line":43,"column":110}},"20":{"start":{"line":43,"column":43},"end":{"line":43,"column":108}},"21":{"start":{"line":45,"column":0},"end":{"line":45,"column":22}}},"fnMap":{"0":{"name":"(anonymous_1)","decl":{"start":{"line":29,"column":2},"end":{"line":29,"column":3}},"loc":{"start":{"line":29,"column":15},"end":{"line":40,"column":3}}},"1":{"name":"(anonymous_2)","decl":{"start":{"line":43,"column":28},"end":{"line":43,"column":29}},"loc":{"start":{"line":43,"column":43},"end":{"line":43,"column":108}}}},"branchMap":{"0":{"loc":{"start":{"line":33,"column":6},"end":{"line":33,"column":41}},"type":"binary-expr","locations":[{"start":{"line":33,"column":6},"end":{"line":33,"column":28}},{"start":{"line":33,"column":32},"end":{"line":33,"column":41}}]},"1":{"loc":{"start":{"line":38,"column":21},"end":{"line":38,"column":72}},"type":"binary-expr","locations":[{"start":{"line":38,"column":21},"end":{"line":38,"column":45}},{"start":{"line":38,"column":49},"end":{"line":38,"column":72}}]}},"s":{"0":8,"1":8,"2":8,"3":8,"4":8,"5":8,"6":8,"7":8,"8":8,"9":8,"10":8,"11":8,"12":8,"13":8,"14":8,"15":0,"16":0,"17":0,"18":0,"19":8,"20":1,"21":8},"f":{"0":0,"1":1},"b":{"0":[0,0],"1":[0,0]}}
,"C:\\Users\\Isaac\\OneDrive - ITESO\\Escritorio\\Semestre 8\\Arquitectura de software\\Proyecto\\friv2.0-backend\\src\\routes\\index.ts": {"path":"C:\\Users\\Isaac\\OneDrive - ITESO\\Escritorio\\Semestre 8\\Arquitectura de software\\Proyecto\\friv2.0-backend\\src\\routes\\index.ts","statementMap":{"0":{"start":{"line":1,"column":0},"end":{"line":1,"column":33}},"1":{"start":{"line":3,"column":0},"end":{"line":3,"column":26}},"2":{"start":{"line":4,"column":0},"end":{"line":4,"column":40}},"3":{"start":{"line":5,"column":0},"end":{"line":5,"column":26}},"4":{"start":{"line":7,"column":15},"end":{"line":7,"column":23}},"5":{"start":{"line":9,"column":0},"end":{"line":9,"column":27}},"6":{"start":{"line":10,"column":0},"end":{"line":10,"column":41}},"7":{"start":{"line":11,"column":0},"end":{"line":11,"column":26}},"8":{"start":{"line":13,"column":0},"end":{"line":13,"column":22}}},"fnMap":{},"branchMap":{},"s":{"0":8,"1":8,"2":8,"3":8,"4":8,"5":8,"6":8,"7":8,"8":8},"f":{},"b":{}}
,"C:\\Users\\Isaac\\OneDrive - ITESO\\Escritorio\\Semestre 8\\Arquitectura de software\\Proyecto\\friv2.0-backend\\src\\routes\\leaderBoard.ts": {"path":"C:\\Users\\Isaac\\OneDrive - ITESO\\Escritorio\\Semestre 8\\Arquitectura de software\\Proyecto\\friv2.0-backend\\src\\routes\\leaderBoard.ts","statementMap":{"0":{"start":{"line":1,"column":0},"end":{"line":1,"column":33}},"1":{"start":{"line":2,"column":0},"end":{"line":2,"column":73}},"2":{"start":{"line":3,"column":0},"end":{"line":3,"column":null}},"3":{"start":{"line":6,"column":15},"end":{"line":6,"column":23}},"4":{"start":{"line":8,"column":0},"end":{"line":8,"column":74}},"5":{"start":{"line":11,"column":0},"end":{"line":11,"column":57}},"6":{"start":{"line":13,"column":0},"end":{"line":13,"column":65}},"7":{"start":{"line":15,"column":0},"end":{"line":15,"column":55}},"8":{"start":{"line":17,"column":0},"end":{"line":17,"column":22}}},"fnMap":{},"branchMap":{},"s":{"0":8,"1":8,"2":8,"3":8,"4":8,"5":8,"6":8,"7":8,"8":8},"f":{},"b":{}}
,"C:\\Users\\Isaac\\OneDrive - ITESO\\Escritorio\\Semestre 8\\Arquitectura de software\\Proyecto\\friv2.0-backend\\src\\routes\\ping.ts": {"path":"C:\\Users\\Isaac\\OneDrive - ITESO\\Escritorio\\Semestre 8\\Arquitectura de software\\Proyecto\\friv2.0-backend\\src\\routes\\ping.ts","statementMap":{"0":{"start":{"line":1,"column":0},"end":{"line":1,"column":33}},"1":{"start":{"line":3,"column":15},"end":{"line":3,"column":23}},"2":{"start":{"line":5,"column":0},"end":{"line":7,"column":3}},"3":{"start":{"line":6,"column":2},"end":{"line":6,"column":44}},"4":{"start":{"line":9,"column":0},"end":{"line":9,"column":22}}},"fnMap":{"0":{"name":"(anonymous_0)","decl":{"start":{"line":5,"column":16},"end":{"line":5,"column":17}},"loc":{"start":{"line":5,"column":29},"end":{"line":7,"column":1}}}},"branchMap":{},"s":{"0":8,"1":8,"2":8,"3":1,"4":8},"f":{"0":1},"b":{}}
}
