TN:
SF:src\app.ts
FNF:0
FNH:0
DA:1,8
DA:2,8
DA:3,8
DA:4,8
DA:5,8
DA:6,8
DA:8,8
DA:11,8
DA:17,8
DA:18,8
DA:19,8
DA:22,8
DA:24,8
LF:13
LH:13
BRF:0
BRH:0
end_of_record
TN:
SF:src\controllers\AuthController.ts
FN:8,(anonymous_8)
FN:18,(anonymous_10)
FN:31,(anonymous_12)
FN:58,(anonymous_14)
FN:78,(anonymous_16)
FN:91,(anonymous_18)
FN:115,(anonymous_20)
FNF:7
FNH:7
FNDA:1,(anonymous_8)
FNDA:1,(anonymous_10)
FNDA:1,(anonymous_12)
FNDA:1,(anonymous_14)
FNDA:1,(anonymous_16)
FNDA:6,(anonymous_18)
FNDA:6,(anonymous_20)
DA:2,11
DA:3,11
DA:4,11
DA:9,1
DA:10,1
DA:11,0
DA:13,1
DA:19,1
DA:20,1
DA:21,0
DA:22,0
DA:24,0
DA:26,1
DA:32,1
DA:33,1
DA:34,1
DA:36,1
DA:37,1
DA:38,1
DA:39,1
DA:41,1
DA:47,0
DA:48,0
DA:51,0
DA:53,1
DA:59,1
DA:61,1
DA:62,1
DA:63,0
DA:66,1
DA:67,0
DA:68,0
DA:71,0
DA:73,1
DA:79,1
DA:80,1
DA:81,0
DA:82,0
DA:84,0
DA:86,1
DA:92,6
DA:93,6
DA:94,4
DA:96,2
DA:97,2
DA:98,1
DA:99,0
DA:101,1
DA:102,1
DA:107,0
DA:108,0
DA:110,2
DA:116,6
DA:117,6
DA:118,3
DA:120,3
DA:121,3
DA:123,0
DA:124,0
DA:126,0
DA:127,0
DA:128,0
DA:132,0
DA:139,0
DA:146,0
DA:153,3
DA:160,11
LF:67
LH:42
BRDA:21,0,0,0
BRDA:21,0,1,0
BRDA:36,1,0,0
BRDA:36,1,1,1
BRDA:37,2,0,0
BRDA:37,2,1,1
BRDA:38,3,0,0
BRDA:38,3,1,1
BRDA:39,4,0,0
BRDA:39,4,1,1
BRDA:47,5,0,0
BRDA:47,5,1,0
BRDA:61,6,0,0
BRDA:61,6,1,1
BRDA:61,7,0,1
BRDA:61,7,1,1
BRDA:62,8,0,0
BRDA:62,8,1,1
BRDA:67,9,0,0
BRDA:67,9,1,0
BRDA:81,10,0,0
BRDA:81,10,1,0
BRDA:93,11,0,4
BRDA:93,11,1,2
BRDA:93,12,0,6
BRDA:93,12,1,2
BRDA:93,12,2,2
BRDA:98,13,0,0
BRDA:98,13,1,1
BRDA:117,14,0,3
BRDA:117,14,1,3
BRDA:117,15,0,6
BRDA:117,15,1,3
BRDA:123,16,0,0
BRDA:123,16,1,0
BRDA:127,17,0,0
BRDA:127,17,1,0
BRDA:141,18,0,0
BRDA:141,18,1,0
BRF:39
BRH:18
end_of_record
TN:
SF:src\controllers\LeaderBoardController.ts
FN:9,(anonymous_7)
FN:55,(anonymous_9)
FN:76,(anonymous_11)
FN:92,(anonymous_13)
FNF:4
FNH:4
FNDA:3,(anonymous_7)
FNDA:2,(anonymous_9)
FNDA:1,(anonymous_11)
FNDA:1,(anonymous_13)
DA:2,11
DA:3,11
DA:10,3
DA:11,3
DA:12,3
DA:13,3
DA:14,3
DA:15,3
DA:16,3
DA:17,3
DA:18,3
DA:19,3
DA:20,3
DA:22,3
DA:23,1
DA:25,2
DA:26,1
DA:28,1
DA:29,1
DA:32,0
DA:33,0
DA:36,0
DA:46,0
DA:47,0
DA:49,0
DA:50,0
DA:56,2
DA:57,2
DA:58,1
DA:59,1
DA:61,0
DA:66,0
DA:67,0
DA:69,0
DA:71,1
DA:77,1
DA:78,1
DA:79,1
DA:81,1
DA:85,0
DA:87,1
DA:93,1
DA:94,1
DA:95,1
DA:97,0
DA:101,0
DA:103,0
DA:111,11
LF:48
LH:33
BRDA:11,0,0,1
BRDA:11,0,1,2
BRDA:11,1,0,3
BRDA:11,1,1,3
BRDA:22,2,0,1
BRDA:22,2,1,2
BRDA:25,3,0,1
BRDA:25,3,1,1
BRDA:28,4,0,1
BRDA:28,4,1,0
BRDA:33,5,0,0
BRDA:33,5,1,0
BRDA:46,6,0,0
BRDA:46,6,1,0
BRDA:47,7,0,0
BRDA:47,7,1,0
BRDA:47,8,0,0
BRDA:47,8,1,0
BRDA:49,9,0,0
BRDA:49,9,1,0
BRDA:49,10,0,0
BRDA:49,10,1,0
BRDA:49,11,0,0
BRDA:49,11,1,0
BRDA:50,12,0,0
BRDA:50,12,1,0
BRDA:50,13,0,0
BRDA:50,13,1,0
BRDA:58,14,0,1
BRDA:58,14,1,1
BRDA:59,15,0,1
BRDA:59,15,1,0
BRDA:66,16,0,0
BRDA:66,16,1,0
BRDA:66,17,0,0
BRDA:66,17,1,0
BRDA:71,18,0,0
BRDA:71,18,1,1
BRDA:71,19,0,1
BRDA:71,19,1,1
BRDA:79,20,0,0
BRDA:79,20,1,1
BRDA:87,21,0,0
BRDA:87,21,1,1
BRDA:87,22,0,1
BRDA:87,22,1,1
BRDA:94,23,0,1
BRDA:94,23,1,0
BRDA:94,24,0,1
BRDA:94,24,1,1
BRDA:95,25,0,1
BRDA:95,25,1,0
BRDA:103,26,0,0
BRDA:103,26,1,0
BRDA:103,27,0,0
BRDA:103,27,1,0
BRF:56
BRH:23
end_of_record
TN:
SF:src\middleware\auth.ts
FN:4,ensureAuth
FNF:1
FNH:1
FNDA:3,ensureAuth
DA:2,8
DA:4,8
DA:5,3
DA:6,3
DA:7,3
DA:9,0
DA:10,0
DA:11,0
DA:12,0
DA:14,0
LF:10
LH:5
BRDA:5,0,0,3
BRDA:5,0,1,3
BRDA:6,1,0,0
BRDA:6,1,1,3
BRDA:7,2,0,3
BRDA:7,2,1,0
BRF:6
BRH:4
end_of_record
TN:
SF:src\middleware\google.ts
FN:7,configureGooglePassport
FN:15,(anonymous_9)
FN:15,(anonymous_10)
FNF:3
FNH:1
FNDA:8,configureGooglePassport
FNDA:0,(anonymous_9)
FNDA:0,(anonymous_10)
DA:2,8
DA:3,8
DA:4,8
DA:5,8
DA:7,8
DA:8,8
DA:15,0
DA:16,0
DA:17,0
DA:18,0
DA:20,0
DA:22,0
DA:23,0
DA:24,0
DA:25,0
DA:26,0
DA:28,0
DA:29,0
DA:31,0
DA:39,0
DA:41,0
LF:21
LH:6
BRDA:17,0,0,0
BRDA:17,0,1,0
BRDA:17,1,0,0
BRDA:17,1,1,0
BRDA:17,2,0,0
BRDA:17,2,1,0
BRDA:17,3,0,0
BRDA:17,3,1,0
BRDA:18,4,0,0
BRDA:18,4,1,0
BRDA:22,5,0,0
BRDA:22,5,1,0
BRDA:23,6,0,0
BRDA:23,6,1,0
BRDA:26,7,0,0
BRDA:26,7,1,0
BRF:16
BRH:0
end_of_record
TN:
SF:src\models\LeaderBoard.ts
FNF:0
FNH:0
DA:1,10
DA:4,10
DA:12,10
DA:15,10
LF:4
LH:4
BRF:0
BRH:0
end_of_record
TN:
SF:src\models\User.ts
FNF:0
FNH:0
DA:1,12
DA:4,12
DA:12,12
LF:3
LH:3
BRF:0
BRH:0
end_of_record
TN:
SF:src\routes\auth.ts
FN:29,(anonymous_1)
FN:43,(anonymous_2)
FNF:2
FNH:1
FNDA:0,(anonymous_1)
FNDA:1,(anonymous_2)
DA:1,8
DA:2,8
DA:3,8
DA:4,8
DA:5,8
DA:7,8
DA:10,8
DA:11,8
DA:14,8
DA:15,8
DA:16,8
DA:17,8
DA:18,8
DA:20,8
DA:26,8
DA:30,0
DA:31,0
DA:38,0
DA:39,0
DA:43,8
DA:45,8
LF:21
LH:17
BRDA:33,0,0,0
BRDA:33,0,1,0
BRDA:38,1,0,0
BRDA:38,1,1,0
BRF:4
BRH:0
end_of_record
TN:
SF:src\routes\index.ts
FNF:0
FNH:0
DA:1,8
DA:3,8
DA:4,8
DA:5,8
DA:7,8
DA:9,8
DA:10,8
DA:11,8
DA:13,8
LF:9
LH:9
BRF:0
BRH:0
end_of_record
TN:
SF:src\routes\leaderBoard.ts
FNF:0
FNH:0
DA:1,8
DA:2,8
DA:3,8
DA:6,8
DA:8,8
DA:11,8
DA:13,8
DA:15,8
DA:17,8
LF:9
LH:9
BRF:0
BRH:0
end_of_record
TN:
SF:src\routes\ping.ts
FN:5,(anonymous_0)
FNF:1
FNH:1
FNDA:1,(anonymous_0)
DA:1,8
DA:3,8
DA:5,8
DA:6,1
DA:9,8
LF:5
LH:5
BRF:0
BRH:0
end_of_record
